This file contains any messages produced by compilers while
running configure, to aid debugging if configure makes a mistake.

It was created by sumo configure svn, which was
generated by GNU Autoconf 2.69.  Invocation command line was

  $ ./configure 

## --------- ##
## Platform. ##
## --------- ##

hostname = songbird
uname -m = x86_64
uname -r = 4.2.5-1-ARCH
uname -s = Linux
uname -v = #1 SMP PREEMPT Tue Oct 27 08:13:28 CET 2015

/usr/bin/uname -p = unknown
/bin/uname -X     = unknown

/bin/arch              = unknown
/usr/bin/arch -k       = unknown
/usr/convex/getsysinfo = unknown
/usr/bin/hostinfo      = unknown
/bin/machine           = unknown
/usr/bin/oslevel       = unknown
/bin/universe          = unknown

PATH: /usr/local/sbin
PATH: /usr/local/bin
PATH: /usr/bin
PATH: /usr/lib/jvm/default/bin
PATH: /usr/bin/site_perl
PATH: /usr/bin/vendor_perl
PATH: /usr/bin/core_perl
PATH: /home/alex/.cabal/bin
PATH: /home/alex/.cabal/bin


## ----------- ##
## Core tests. ##
## ----------- ##

configure:2635: checking build system type
configure:2649: result: x86_64-unknown-linux-gnu
configure:2669: checking host system type
configure:2682: result: x86_64-unknown-linux-gnu
configure:2702: checking target system type
configure:2715: result: x86_64-unknown-linux-gnu
configure:2762: checking for a BSD-compatible install
configure:2830: result: /usr/bin/install -c
configure:2841: checking whether build environment is sane
configure:2896: result: yes
configure:3047: checking for a thread-safe mkdir -p
configure:3086: result: /usr/bin/mkdir -p
configure:3093: checking for gawk
configure:3109: found /usr/bin/gawk
configure:3120: result: gawk
configure:3131: checking whether make sets $(MAKE)
configure:3153: result: yes
configure:3182: checking whether make supports nested variables
configure:3199: result: yes
configure:3288: checking whether UID '1000' is supported by ustar format
configure:3291: result: yes
configure:3298: checking whether GID '100' is supported by ustar format
configure:3301: result: yes
configure:3309: checking how to create a ustar tar archive
configure:3320: tar --version
tar (GNU tar) 1.28
Copyright (C) 2014 Free Software Foundation, Inc.
License GPLv3+: GNU GPL version 3 or later <http://gnu.org/licenses/gpl.html>.
This is free software: you are free to change and redistribute it.
There is NO WARRANTY, to the extent permitted by law.

Written by John Gilmore and Jay Fenlason.
configure:3323: $? = 0
configure:3363: tardir=conftest.dir && eval tar --format=ustar -chf - "$tardir" >conftest.tar
configure:3366: $? = 0
configure:3370: tar -xf - <conftest.tar
configure:3373: $? = 0
configure:3375: cat conftest.dir/file
GrepMe
configure:3378: $? = 0
configure:3391: result: gnutar
configure:3532: checking for gcc
configure:3548: found /usr/bin/gcc
configure:3559: result: gcc
configure:3788: checking for C compiler version
configure:3797: gcc --version >&5
gcc (GCC) 5.3.0
Copyright (C) 2015 Free Software Foundation, Inc.
This is free software; see the source for copying conditions.  There is NO
warranty; not even for MERCHANTABILITY or FITNESS FOR A PARTICULAR PURPOSE.

configure:3808: $? = 0
configure:3797: gcc -v >&5
Using built-in specs.
COLLECT_GCC=gcc
COLLECT_LTO_WRAPPER=/usr/lib/gcc/x86_64-unknown-linux-gnu/5.3.0/lto-wrapper
Target: x86_64-unknown-linux-gnu
Configured with: /build/gcc/src/gcc-5.3.0/configure --prefix=/usr --libdir=/usr/lib --libexecdir=/usr/lib --mandir=/usr/share/man --infodir=/usr/share/info --with-bugurl=https://bugs.archlinux.org/ --enable-languages=c,c++,ada,fortran,go,lto,objc,obj-c++ --enable-shared --enable-threads=posix --enable-libmpx --with-system-zlib --with-isl --enable-__cxa_atexit --disable-libunwind-exceptions --enable-clocale=gnu --disable-libstdcxx-pch --disable-libssp --enable-gnu-unique-object --enable-linker-build-id --enable-lto --enable-plugin --enable-install-libiberty --with-linker-hash-style=gnu --enable-gnu-indirect-function --disable-multilib --disable-werror --enable-checking=release
Thread model: posix
gcc version 5.3.0 (GCC) 
configure:3808: $? = 0
configure:3797: gcc -V >&5
gcc: error: unrecognized command line option '-V'
gcc: fatal error: no input files
compilation terminated.
configure:3808: $? = 1
configure:3797: gcc -qversion >&5
gcc: error: unrecognized command line option '-qversion'
gcc: fatal error: no input files
compilation terminated.
configure:3808: $? = 1
configure:3828: checking whether the C compiler works
configure:3850: gcc    conftest.c  >&5
configure:3854: $? = 0
configure:3902: result: yes
configure:3905: checking for C compiler default output file name
configure:3907: result: a.out
configure:3913: checking for suffix of executables
configure:3920: gcc -o conftest    conftest.c  >&5
configure:3924: $? = 0
configure:3946: result: 
configure:3968: checking whether we are cross compiling
configure:3976: gcc -o conftest    conftest.c  >&5
configure:3980: $? = 0
configure:3987: ./conftest
configure:3991: $? = 0
configure:4006: result: no
configure:4011: checking for suffix of object files
configure:4033: gcc -c   conftest.c >&5
configure:4037: $? = 0
configure:4058: result: o
configure:4062: checking whether we are using the GNU C compiler
configure:4081: gcc -c   conftest.c >&5
configure:4081: $? = 0
configure:4090: result: yes
configure:4099: checking whether gcc accepts -g
configure:4119: gcc -c -g  conftest.c >&5
configure:4119: $? = 0
configure:4160: result: yes
configure:4177: checking for gcc option to accept ISO C89
configure:4240: gcc  -c -g -O2  conftest.c >&5
configure:4240: $? = 0
configure:4253: result: none needed
configure:4278: checking whether gcc understands -c and -o together
configure:4300: gcc -c conftest.c -o conftest2.o
configure:4303: $? = 0
configure:4300: gcc -c conftest.c -o conftest2.o
configure:4303: $? = 0
configure:4315: result: yes
configure:4343: checking for style of include used by make
configure:4371: result: GNU
configure:4397: checking dependency style of gcc
configure:4508: result: gcc3
configure:4528: checking how to run the C preprocessor
configure:4559: gcc -E  conftest.c
configure:4559: $? = 0
configure:4573: gcc -E  conftest.c
conftest.c:11:28: fatal error: ac_nonexistent.h: No such file or directory
compilation terminated.
configure:4573: $? = 1
configure: failed program was:
| /* confdefs.h */
| #define PACKAGE_NAME "sumo"
| #define PACKAGE_TARNAME "sumo"
| #define PACKAGE_VERSION "svn"
| #define PACKAGE_STRING "sumo svn"
| #define PACKAGE_BUGREPORT ""
| #define PACKAGE_URL ""
| #define PACKAGE "sumo"
| #define VERSION "svn"
| /* end confdefs.h.  */
| #include <ac_nonexistent.h>
configure:4598: result: gcc -E
configure:4618: gcc -E  conftest.c
configure:4618: $? = 0
configure:4632: gcc -E  conftest.c
conftest.c:11:28: fatal error: ac_nonexistent.h: No such file or directory
compilation terminated.
configure:4632: $? = 1
configure: failed program was:
| /* confdefs.h */
| #define PACKAGE_NAME "sumo"
| #define PACKAGE_TARNAME "sumo"
| #define PACKAGE_VERSION "svn"
| #define PACKAGE_STRING "sumo svn"
| #define PACKAGE_BUGREPORT ""
| #define PACKAGE_URL ""
| #define PACKAGE "sumo"
| #define VERSION "svn"
| /* end confdefs.h.  */
| #include <ac_nonexistent.h>
configure:4718: checking for g++
configure:4734: found /usr/bin/g++
configure:4745: result: g++
configure:4772: checking for C++ compiler version
configure:4781: g++ --version >&5
g++ (GCC) 5.3.0
Copyright (C) 2015 Free Software Foundation, Inc.
This is free software; see the source for copying conditions.  There is NO
warranty; not even for MERCHANTABILITY or FITNESS FOR A PARTICULAR PURPOSE.

configure:4792: $? = 0
configure:4781: g++ -v >&5
Using built-in specs.
COLLECT_GCC=g++
COLLECT_LTO_WRAPPER=/usr/lib/gcc/x86_64-unknown-linux-gnu/5.3.0/lto-wrapper
Target: x86_64-unknown-linux-gnu
Configured with: /build/gcc/src/gcc-5.3.0/configure --prefix=/usr --libdir=/usr/lib --libexecdir=/usr/lib --mandir=/usr/share/man --infodir=/usr/share/info --with-bugurl=https://bugs.archlinux.org/ --enable-languages=c,c++,ada,fortran,go,lto,objc,obj-c++ --enable-shared --enable-threads=posix --enable-libmpx --with-system-zlib --with-isl --enable-__cxa_atexit --disable-libunwind-exceptions --enable-clocale=gnu --disable-libstdcxx-pch --disable-libssp --enable-gnu-unique-object --enable-linker-build-id --enable-lto --enable-plugin --enable-install-libiberty --with-linker-hash-style=gnu --enable-gnu-indirect-function --disable-multilib --disable-werror --enable-checking=release
Thread model: posix
gcc version 5.3.0 (GCC) 
configure:4792: $? = 0
configure:4781: g++ -V >&5
g++: error: unrecognized command line option '-V'
g++: fatal error: no input files
compilation terminated.
configure:4792: $? = 1
configure:4781: g++ -qversion >&5
g++: error: unrecognized command line option '-qversion'
g++: fatal error: no input files
compilation terminated.
configure:4792: $? = 1
configure:4796: checking whether we are using the GNU C++ compiler
configure:4815: g++ -c -O2 -DNDEBUG -msse2 -mfpmath=sse   conftest.cpp >&5
configure:4815: $? = 0
configure:4824: result: yes
configure:4833: checking whether g++ accepts -g
configure:4853: g++ -c -g  conftest.cpp >&5
configure:4853: $? = 0
configure:4894: result: yes
configure:4919: checking dependency style of g++
configure:5030: result: gcc3
configure:5046: checking whether ln -s works
configure:5050: result: yes
configure:5057: checking whether make sets $(MAKE)
configure:5079: result: yes
configure:5132: checking for ranlib
configure:5148: found /usr/bin/ranlib
configure:5159: result: ranlib
configure:5227: checking how to print strings
configure:5254: result: printf
configure:5275: checking for a sed that does not truncate output
configure:5339: result: /usr/bin/sed
configure:5357: checking for grep that handles long lines and -e
configure:5415: result: /usr/bin/grep
configure:5420: checking for egrep
configure:5482: result: /usr/bin/grep -E
configure:5487: checking for fgrep
configure:5549: result: /usr/bin/grep -F
configure:5584: checking for ld used by gcc
configure:5651: result: /usr/bin/ld
configure:5658: checking if the linker (/usr/bin/ld) is GNU ld
configure:5673: result: yes
configure:5685: checking for BSD- or MS-compatible name lister (nm)
configure:5739: result: /usr/bin/nm -B
configure:5869: checking the name lister (/usr/bin/nm -B) interface
configure:5876: g++ -c -O2 -DNDEBUG -msse2 -mfpmath=sse   conftest.cpp >&5
configure:5879: /usr/bin/nm -B "conftest.o"
configure:5882: output
0000000000000000 B some_variable
configure:5889: result: BSD nm
configure:5893: checking the maximum length of command line arguments
configure:6024: result: 1572864
configure:6072: checking how to convert x86_64-unknown-linux-gnu file names to x86_64-unknown-linux-gnu format
configure:6112: result: func_convert_file_noop
configure:6119: checking how to convert x86_64-unknown-linux-gnu file names to toolchain format
configure:6139: result: func_convert_file_noop
configure:6146: checking for /usr/bin/ld option to reload object files
configure:6153: result: -r
configure:6227: checking for objdump
configure:6243: found /usr/bin/objdump
configure:6254: result: objdump
configure:6286: checking how to recognize dependent libraries
configure:6486: result: pass_all
configure:6571: checking for dlltool
configure:6601: result: no
configure:6631: checking how to associate runtime and link libraries
configure:6658: result: printf %s\n
configure:6719: checking for ar
configure:6735: found /usr/bin/ar
configure:6746: result: ar
configure:6783: checking for archiver @FILE support
configure:6800: g++ -c -O2 -DNDEBUG -msse2 -mfpmath=sse   conftest.cpp >&5
configure:6800: $? = 0
configure:6803: ar cru libconftest.a @conftest.lst >&5
ar: `u' modifier ignored since `D' is the default (see `U')
configure:6806: $? = 0
configure:6811: ar cru libconftest.a @conftest.lst >&5
ar: `u' modifier ignored since `D' is the default (see `U')
ar: conftest.o: No such file or directory
configure:6814: $? = 1
configure:6826: result: @
configure:6884: checking for strip
configure:6900: found /usr/bin/strip
configure:6911: result: strip
configure:6983: checking for ranlib
configure:7010: result: ranlib
configure:7112: checking command to parse /usr/bin/nm -B output from gcc object
configure:7265: g++ -c -O2 -DNDEBUG -msse2 -mfpmath=sse   conftest.cpp >&5
configure:7268: $? = 0
configure:7272: /usr/bin/nm -B conftest.o \| sed -n -e 's/^.*[ ]\([ABCDGIRSTW][ABCDGIRSTW]*\)[ ][ ]*\([_A-Za-z][_A-Za-z0-9]*\)$/\1 \2 \2/p' | sed '/ __gnu_lto/d' \> conftest.nm
configure:7275: $? = 0
configure:7341: g++ -o conftest -O2 -DNDEBUG -msse2 -mfpmath=sse    conftest.cpp conftstm.o >&5
configure:7344: $? = 0
configure:7382: result: ok
configure:7429: checking for sysroot
configure:7459: result: no
configure:7466: checking for a working dd
configure:7504: result: /usr/bin/dd
configure:7508: checking how to truncate binary pipes
configure:7523: result: /usr/bin/dd bs=4096 count=1
configure:7660: g++ -c -O2 -DNDEBUG -msse2 -mfpmath=sse   conftest.cpp >&5
configure:7663: $? = 0
configure:7853: checking for mt
configure:7883: result: no
configure:7903: checking if : is a manifest tool
configure:7909: : '-?'
configure:7917: result: no
configure:8590: checking for ANSI C header files
configure:8610: g++ -c -O2 -DNDEBUG -msse2 -mfpmath=sse   conftest.cpp >&5
configure:8610: $? = 0
./configure: line 8624: conftest.cpp: command not found
configure:8694: result: no
configure:8707: checking for sys/types.h
configure:8707: g++ -c -O2 -DNDEBUG -msse2 -mfpmath=sse   conftest.cpp >&5
configure:8707: $? = 0
configure:8707: result: yes
configure:8707: checking for sys/stat.h
configure:8707: g++ -c -O2 -DNDEBUG -msse2 -mfpmath=sse   conftest.cpp >&5
configure:8707: $? = 0
configure:8707: result: yes
configure:8707: checking for stdlib.h
configure:8707: g++ -c -O2 -DNDEBUG -msse2 -mfpmath=sse   conftest.cpp >&5
configure:8707: $? = 0
configure:8707: result: yes
configure:8707: checking for string.h
configure:8707: g++ -c -O2 -DNDEBUG -msse2 -mfpmath=sse   conftest.cpp >&5
configure:8707: $? = 0
configure:8707: result: yes
configure:8707: checking for memory.h
configure:8707: g++ -c -O2 -DNDEBUG -msse2 -mfpmath=sse   conftest.cpp >&5
configure:8707: $? = 0
configure:8707: result: yes
configure:8707: checking for strings.h
configure:8707: g++ -c -O2 -DNDEBUG -msse2 -mfpmath=sse   conftest.cpp >&5
configure:8707: $? = 0
configure:8707: result: yes
configure:8707: checking for inttypes.h
configure:8707: g++ -c -O2 -DNDEBUG -msse2 -mfpmath=sse   conftest.cpp >&5
configure:8707: $? = 0
configure:8707: result: yes
configure:8707: checking for stdint.h
configure:8707: g++ -c -O2 -DNDEBUG -msse2 -mfpmath=sse   conftest.cpp >&5
configure:8707: $? = 0
configure:8707: result: yes
configure:8707: checking for unistd.h
configure:8707: g++ -c -O2 -DNDEBUG -msse2 -mfpmath=sse   conftest.cpp >&5
configure:8707: $? = 0
configure:8707: result: yes
configure:8721: checking for dlfcn.h
configure:8721: g++ -c -O2 -DNDEBUG -msse2 -mfpmath=sse   conftest.cpp >&5
configure:8721: $? = 0
configure:8721: result: yes
configure:8987: checking for objdir
configure:9002: result: .libs
configure:9262: checking if gcc supports -fno-rtti -fno-exceptions
configure:9280: gcc -c -g -O2  -fno-rtti -fno-exceptions conftest.c >&5
cc1: warning: command line option '-fno-rtti' is valid for C++/ObjC++ but not for C
configure:9284: $? = 0
configure:9297: result: no
configure:9655: checking for gcc option to produce PIC
configure:9662: result: -fPIC -DPIC
configure:9670: checking if gcc PIC flag -fPIC -DPIC works
configure:9688: gcc -c -g -O2  -fPIC -DPIC -DPIC conftest.c >&5
configure:9692: $? = 0
configure:9705: result: yes
configure:9734: checking if gcc static flag -static works
configure:9762: result: yes
configure:9777: checking if gcc supports -c -o file.o
configure:9798: gcc -c -g -O2  -o out/conftest2.o conftest.c >&5
configure:9802: $? = 0
configure:9824: result: yes
configure:9832: checking if gcc supports -c -o file.o
configure:9879: result: yes
configure:9912: checking whether the gcc linker (/usr/bin/ld -m elf_x86_64) supports shared libraries
configure:11171: result: yes
configure:11208: checking whether -lc should be explicitly linked in
configure:11216: gcc -c -g -O2  conftest.c >&5
configure:11219: $? = 0
configure:11234: gcc -shared  -fPIC -DPIC conftest.o  -v -Wl,-soname -Wl,conftest -o conftest 2\>\&1 \| /usr/bin/grep  -lc  \>/dev/null 2\>\&1
configure:11237: $? = 0
configure:11251: result: no
configure:11411: checking dynamic linker characteristics
configure:11992: gcc -o conftest -g -O2   -Wl,-rpath -Wl,/foo conftest.c  >&5
configure:11992: $? = 0
configure:12229: result: GNU/Linux ld.so
configure:12351: checking how to hardcode library paths into programs
configure:12376: result: immediate
configure:12924: checking whether stripping libraries is possible
configure:12929: result: yes
configure:12964: checking if libtool supports shared libraries
configure:12966: result: yes
configure:12969: checking whether to build shared libraries
configure:12994: result: yes
configure:12997: checking whether to build static libraries
configure:13001: result: yes
configure:13024: checking how to run the C++ preprocessor
configure:13051: g++ -E  conftest.cpp
configure:13051: $? = 0
configure:13065: g++ -E  conftest.cpp
conftest.cpp:22:28: fatal error: ac_nonexistent.h: No such file or directory
compilation terminated.
configure:13065: $? = 1
configure: failed program was:
| /* confdefs.h */
| #define PACKAGE_NAME "sumo"
| #define PACKAGE_TARNAME "sumo"
| #define PACKAGE_VERSION "svn"
| #define PACKAGE_STRING "sumo svn"
| #define PACKAGE_BUGREPORT ""
| #define PACKAGE_URL ""
| #define PACKAGE "sumo"
| #define VERSION "svn"
| #define HAVE_SYS_TYPES_H 1
| #define HAVE_SYS_STAT_H 1
| #define HAVE_STDLIB_H 1
| #define HAVE_STRING_H 1
| #define HAVE_MEMORY_H 1
| #define HAVE_STRINGS_H 1
| #define HAVE_INTTYPES_H 1
| #define HAVE_STDINT_H 1
| #define HAVE_UNISTD_H 1
| #define HAVE_DLFCN_H 1
| #define LT_OBJDIR ".libs/"
| /* end confdefs.h.  */
| #include <ac_nonexistent.h>
configure:13090: result: g++ -E
configure:13110: g++ -E  conftest.cpp
configure:13110: $? = 0
configure:13124: g++ -E  conftest.cpp
conftest.cpp:22:28: fatal error: ac_nonexistent.h: No such file or directory
compilation terminated.
configure:13124: $? = 1
configure: failed program was:
| /* confdefs.h */
| #define PACKAGE_NAME "sumo"
| #define PACKAGE_TARNAME "sumo"
| #define PACKAGE_VERSION "svn"
| #define PACKAGE_STRING "sumo svn"
| #define PACKAGE_BUGREPORT ""
| #define PACKAGE_URL ""
| #define PACKAGE "sumo"
| #define VERSION "svn"
| #define HAVE_SYS_TYPES_H 1
| #define HAVE_SYS_STAT_H 1
| #define HAVE_STDLIB_H 1
| #define HAVE_STRING_H 1
| #define HAVE_MEMORY_H 1
| #define HAVE_STRINGS_H 1
| #define HAVE_INTTYPES_H 1
| #define HAVE_STDINT_H 1
| #define HAVE_UNISTD_H 1
| #define HAVE_DLFCN_H 1
| #define LT_OBJDIR ".libs/"
| /* end confdefs.h.  */
| #include <ac_nonexistent.h>
configure:13286: checking for ld used by g++
configure:13353: result: /usr/bin/ld -m elf_x86_64
configure:13360: checking if the linker (/usr/bin/ld -m elf_x86_64) is GNU ld
configure:13375: result: yes
configure:13430: checking whether the g++ linker (/usr/bin/ld -m elf_x86_64) supports shared libraries
configure:14503: result: yes
configure:14539: g++ -c -O2 -DNDEBUG -msse2 -mfpmath=sse   conftest.cpp >&5
configure:14542: $? = 0
configure:15023: checking for g++ option to produce PIC
configure:15030: result: -fPIC -DPIC
configure:15038: checking if g++ PIC flag -fPIC -DPIC works
configure:15056: g++ -c -O2 -DNDEBUG -msse2 -mfpmath=sse   -fPIC -DPIC -DPIC conftest.cpp >&5
configure:15060: $? = 0
configure:15073: result: yes
configure:15096: checking if g++ static flag -static works
configure:15124: result: yes
configure:15136: checking if g++ supports -c -o file.o
configure:15157: g++ -c -O2 -DNDEBUG -msse2 -mfpmath=sse   -o out/conftest2.o conftest.cpp >&5
configure:15161: $? = 0
configure:15183: result: yes
configure:15188: checking if g++ supports -c -o file.o
configure:15235: result: yes
configure:15265: checking whether the g++ linker (/usr/bin/ld -m elf_x86_64) supports shared libraries
configure:15305: result: yes
configure:15446: checking dynamic linker characteristics
configure:16191: result: GNU/Linux ld.so
configure:16256: checking how to hardcode library paths into programs
configure:16281: result: immediate
configure:16547: checking for pkg-config
configure:16565: found /usr/bin/pkg-config
configure:16577: result: /usr/bin/pkg-config
configure:16602: checking pkg-config is at least version 0.9.0
configure:16605: result: yes
configure:16615: checking for XERCES
configure:16622: $PKG_CONFIG --exists --print-errors "xerces-c >= 3.0"
configure:16625: $? = 0
configure:16639: $PKG_CONFIG --exists --print-errors "xerces-c >= 3.0"
configure:16642: $? = 0
configure:16684: result: yes
configure:16715: checking for main in -lxerces-c
configure:16734: g++ -o conftest -O2 -DNDEBUG -msse2 -mfpmath=sse    conftest.cpp -lxerces-c   >&5
configure:16734: $? = 0
configure:16744: result: yes
configure:16810: checking xercesc/util/XercesVersion.hpp usability
configure:16810: g++ -c -O2 -DNDEBUG -msse2 -mfpmath=sse   -I/usr/local/include -I/usr/include conftest.cpp >&5
configure:16810: $? = 0
configure:16810: result: yes
configure:16810: checking xercesc/util/XercesVersion.hpp presence
configure:16810: g++ -E  -I/usr/local/include -I/usr/include conftest.cpp
configure:16810: $? = 0
configure:16810: result: yes
configure:16810: checking for xercesc/util/XercesVersion.hpp
configure:16810: result: yes
configure:16861: checking for main in -lproj
configure:16880: g++ -o conftest -O2 -DNDEBUG -msse2 -mfpmath=sse    conftest.cpp -lproj   >&5
/usr/bin/ld: cannot find -lproj
collect2: error: ld returned 1 exit status
configure:16880: $? = 1
configure: failed program was:
| /* confdefs.h */
| #define PACKAGE_NAME "sumo"
| #define PACKAGE_TARNAME "sumo"
| #define PACKAGE_VERSION "svn"
| #define PACKAGE_STRING "sumo svn"
| #define PACKAGE_BUGREPORT ""
| #define PACKAGE_URL ""
| #define PACKAGE "sumo"
| #define VERSION "svn"
| #define HAVE_SYS_TYPES_H 1
| #define HAVE_SYS_STAT_H 1
| #define HAVE_STDLIB_H 1
| #define HAVE_STRING_H 1
| #define HAVE_MEMORY_H 1
| #define HAVE_STRINGS_H 1
| #define HAVE_INTTYPES_H 1
| #define HAVE_STDINT_H 1
| #define HAVE_UNISTD_H 1
| #define HAVE_DLFCN_H 1
| #define LT_OBJDIR ".libs/"
| #define HAVE_INTERNAL_LANES 1
| #define SUMOReal double
| #define POSITION_EPS (SUMOReal)0.1
| #define NUMERICAL_EPS (SUMOReal)0.001
| #define OUTPUT_ACCURACY 2
| #define GEO_OUTPUT_ACCURACY 6
| #define HAVE_VERSION_H 1
| #define XERCES3_SIZE_t XMLSize_t
| /* end confdefs.h.  */
| 
| 
| int
| main ()
| {
| return main ();
|   ;
|   return 0;
| }
configure:16889: result: no
configure:16894: WARNING: proj-lib not found. Specify path with option --with-proj-libraries=DIR.
configure:16949: checking proj_api.h usability
configure:16949: g++ -c -O2 -DNDEBUG -msse2 -mfpmath=sse   conftest.cpp >&5
conftest.cpp:63:22: fatal error: proj_api.h: No such file or directory
compilation terminated.
configure:16949: $? = 1
configure: failed program was:
| /* confdefs.h */
| #define PACKAGE_NAME "sumo"
| #define PACKAGE_TARNAME "sumo"
| #define PACKAGE_VERSION "svn"
| #define PACKAGE_STRING "sumo svn"
| #define PACKAGE_BUGREPORT ""
| #define PACKAGE_URL ""
| #define PACKAGE "sumo"
| #define VERSION "svn"
| #define HAVE_SYS_TYPES_H 1
| #define HAVE_SYS_STAT_H 1
| #define HAVE_STDLIB_H 1
| #define HAVE_STRING_H 1
| #define HAVE_MEMORY_H 1
| #define HAVE_STRINGS_H 1
| #define HAVE_INTTYPES_H 1
| #define HAVE_STDINT_H 1
| #define HAVE_UNISTD_H 1
| #define HAVE_DLFCN_H 1
| #define LT_OBJDIR ".libs/"
| #define HAVE_INTERNAL_LANES 1
| #define SUMOReal double
| #define POSITION_EPS (SUMOReal)0.1
| #define NUMERICAL_EPS (SUMOReal)0.001
| #define OUTPUT_ACCURACY 2
| #define GEO_OUTPUT_ACCURACY 6
| #define HAVE_VERSION_H 1
| #define XERCES3_SIZE_t XMLSize_t
| /* end confdefs.h.  */
| #include <stdio.h>
| #ifdef HAVE_SYS_TYPES_H
| # include <sys/types.h>
| #endif
| #ifdef HAVE_SYS_STAT_H
| # include <sys/stat.h>
| #endif
| #ifdef STDC_HEADERS
| # include <stdlib.h>
| # include <stddef.h>
| #else
| # ifdef HAVE_STDLIB_H
| #  include <stdlib.h>
| # endif
| #endif
| #ifdef HAVE_STRING_H
| # if !defined STDC_HEADERS && defined HAVE_MEMORY_H
| #  include <memory.h>
| # endif
| # include <string.h>
| #endif
| #ifdef HAVE_STRINGS_H
| # include <strings.h>
| #endif
| #ifdef HAVE_INTTYPES_H
| # include <inttypes.h>
| #endif
| #ifdef HAVE_STDINT_H
| # include <stdint.h>
| #endif
| #ifdef HAVE_UNISTD_H
| # include <unistd.h>
| #endif
| #include <proj_api.h>
configure:16949: result: no
configure:16949: checking proj_api.h presence
configure:16949: g++ -E  conftest.cpp
conftest.cpp:30:22: fatal error: proj_api.h: No such file or directory
compilation terminated.
configure:16949: $? = 1
configure: failed program was:
| /* confdefs.h */
| #define PACKAGE_NAME "sumo"
| #define PACKAGE_TARNAME "sumo"
| #define PACKAGE_VERSION "svn"
| #define PACKAGE_STRING "sumo svn"
| #define PACKAGE_BUGREPORT ""
| #define PACKAGE_URL ""
| #define PACKAGE "sumo"
| #define VERSION "svn"
| #define HAVE_SYS_TYPES_H 1
| #define HAVE_SYS_STAT_H 1
| #define HAVE_STDLIB_H 1
| #define HAVE_STRING_H 1
| #define HAVE_MEMORY_H 1
| #define HAVE_STRINGS_H 1
| #define HAVE_INTTYPES_H 1
| #define HAVE_STDINT_H 1
| #define HAVE_UNISTD_H 1
| #define HAVE_DLFCN_H 1
| #define LT_OBJDIR ".libs/"
| #define HAVE_INTERNAL_LANES 1
| #define SUMOReal double
| #define POSITION_EPS (SUMOReal)0.1
| #define NUMERICAL_EPS (SUMOReal)0.001
| #define OUTPUT_ACCURACY 2
| #define GEO_OUTPUT_ACCURACY 6
| #define HAVE_VERSION_H 1
| #define XERCES3_SIZE_t XMLSize_t
| /* end confdefs.h.  */
| #include <proj_api.h>
configure:16949: result: no
configure:16949: checking for proj_api.h
configure:16949: result: no
configure:16953: WARNING: proj-includes not found. Specify path with option --with-proj-includes=DIR.
configure:16995: checking for gdal-config
configure:17028: result: no
configure:17034: WARNING: could not find gdal-config from libgdal within the current path. Specify path with option --with-gdal-config.
configure:17087: checking for fox-config
configure:17105: found /usr/bin/fox-config
configure:17117: result: /usr/bin/fox-config
configure:17148: checking fxver.h usability
configure:17148: g++ -c -O2 -DNDEBUG -msse2 -mfpmath=sse  -I/usr/include/fox-1.6 conftest.cpp >&5
configure:17148: $? = 0
configure:17148: result: yes
configure:17148: checking fxver.h presence
configure:17148: g++ -E -I/usr/include/fox-1.6 conftest.cpp
configure:17148: $? = 0
configure:17148: result: yes
configure:17148: checking for fxver.h
configure:17148: result: yes
configure:17187: checking for gtest-config
configure:17220: result: no
configure:17331: checking for size_t
configure:17331: g++ -c -O2 -DNDEBUG -msse2 -mfpmath=sse   conftest.cpp >&5
configure:17331: $? = 0
configure:17331: g++ -c -O2 -DNDEBUG -msse2 -mfpmath=sse   conftest.cpp >&5
conftest.cpp: In function 'int main()':
conftest.cpp:67:20: error: expected primary-expression before ')' token
 if (sizeof ((size_t)))
                    ^
configure:17331: $? = 1
configure: failed program was:
| /* confdefs.h */
| #define PACKAGE_NAME "sumo"
| #define PACKAGE_TARNAME "sumo"
| #define PACKAGE_VERSION "svn"
| #define PACKAGE_STRING "sumo svn"
| #define PACKAGE_BUGREPORT ""
| #define PACKAGE_URL ""
| #define PACKAGE "sumo"
| #define VERSION "svn"
| #define HAVE_SYS_TYPES_H 1
| #define HAVE_SYS_STAT_H 1
| #define HAVE_STDLIB_H 1
| #define HAVE_STRING_H 1
| #define HAVE_MEMORY_H 1
| #define HAVE_STRINGS_H 1
| #define HAVE_INTTYPES_H 1
| #define HAVE_STDINT_H 1
| #define HAVE_UNISTD_H 1
| #define HAVE_DLFCN_H 1
| #define LT_OBJDIR ".libs/"
| #define HAVE_INTERNAL_LANES 1
| #define SUMOReal double
| #define POSITION_EPS (SUMOReal)0.1
| #define NUMERICAL_EPS (SUMOReal)0.001
| #define OUTPUT_ACCURACY 2
| #define GEO_OUTPUT_ACCURACY 6
| #define HAVE_VERSION_H 1
| #define XERCES3_SIZE_t XMLSize_t
| #define HAVE_FOX 1
| /* end confdefs.h.  */
| #include <stdio.h>
| #ifdef HAVE_SYS_TYPES_H
| # include <sys/types.h>
| #endif
| #ifdef HAVE_SYS_STAT_H
| # include <sys/stat.h>
| #endif
| #ifdef STDC_HEADERS
| # include <stdlib.h>
| # include <stddef.h>
| #else
| # ifdef HAVE_STDLIB_H
| #  include <stdlib.h>
| # endif
| #endif
| #ifdef HAVE_STRING_H
| # if !defined STDC_HEADERS && defined HAVE_MEMORY_H
| #  include <memory.h>
| # endif
| # include <string.h>
| #endif
| #ifdef HAVE_STRINGS_H
| # include <strings.h>
| #endif
| #ifdef HAVE_INTTYPES_H
| # include <inttypes.h>
| #endif
| #ifdef HAVE_STDINT_H
| # include <stdint.h>
| #endif
| #ifdef HAVE_UNISTD_H
| # include <unistd.h>
| #endif
| int
| main ()
| {
| if (sizeof ((size_t)))
| 	    return 0;
|   ;
|   return 0;
| }
configure:17331: result: yes
configure:17344: checking for working alloca.h
configure:17361: g++ -o conftest -O2 -DNDEBUG -msse2 -mfpmath=sse    conftest.cpp  >&5
configure:17361: $? = 0
configure:17369: result: yes
configure:17377: checking for alloca
configure:17414: g++ -o conftest -O2 -DNDEBUG -msse2 -mfpmath=sse    conftest.cpp  >&5
configure:17414: $? = 0
configure:17422: result: yes
configure:17528: checking for ANSI C header files
configure:17632: result: no
configure:17643: checking float.h usability
configure:17643: g++ -c -O2 -DNDEBUG -msse2 -mfpmath=sse   conftest.cpp >&5
configure:17643: $? = 0
configure:17643: result: yes
configure:17643: checking float.h presence
configure:17643: g++ -E  conftest.cpp
configure:17643: $? = 0
configure:17643: result: yes
configure:17643: checking for float.h
configure:17643: result: yes
configure:17643: checking limits.h usability
configure:17643: g++ -c -O2 -DNDEBUG -msse2 -mfpmath=sse   conftest.cpp >&5
configure:17643: $? = 0
configure:17643: result: yes
configure:17643: checking limits.h presence
configure:17643: g++ -E  conftest.cpp
configure:17643: $? = 0
configure:17643: result: yes
configure:17643: checking for limits.h
configure:17643: result: yes
configure:17643: checking malloc.h usability
configure:17643: g++ -c -O2 -DNDEBUG -msse2 -mfpmath=sse   conftest.cpp >&5
configure:17643: $? = 0
configure:17643: result: yes
configure:17643: checking malloc.h presence
configure:17643: g++ -E  conftest.cpp
configure:17643: $? = 0
configure:17643: result: yes
configure:17643: checking for malloc.h
configure:17643: result: yes
configure:17643: checking math.h usability
configure:17643: g++ -c -O2 -DNDEBUG -msse2 -mfpmath=sse   conftest.cpp >&5
configure:17643: $? = 0
configure:17643: result: yes
configure:17643: checking math.h presence
configure:17643: g++ -E  conftest.cpp
configure:17643: $? = 0
configure:17643: result: yes
configure:17643: checking for math.h
configure:17643: result: yes
configure:17643: checking stddef.h usability
configure:17643: g++ -c -O2 -DNDEBUG -msse2 -mfpmath=sse   conftest.cpp >&5
configure:17643: $? = 0
configure:17643: result: yes
configure:17643: checking stddef.h presence
configure:17643: g++ -E  conftest.cpp
configure:17643: $? = 0
configure:17643: result: yes
configure:17643: checking for stddef.h
configure:17643: result: yes
configure:17643: checking for stdlib.h
configure:17643: result: yes
configure:17643: checking for string.h
configure:17643: result: yes
configure:17643: checking sys/time.h usability
configure:17643: g++ -c -O2 -DNDEBUG -msse2 -mfpmath=sse   conftest.cpp >&5
configure:17643: $? = 0
configure:17643: result: yes
configure:17643: checking sys/time.h presence
configure:17643: g++ -E  conftest.cpp
configure:17643: $? = 0
configure:17643: result: yes
configure:17643: checking for sys/time.h
configure:17643: result: yes
configure:17643: checking for unistd.h
configure:17643: result: yes
configure:17643: checking wchar.h usability
configure:17643: g++ -c -O2 -DNDEBUG -msse2 -mfpmath=sse   conftest.cpp >&5
configure:17643: $? = 0
configure:17643: result: yes
configure:17643: checking wchar.h presence
configure:17643: g++ -E  conftest.cpp
configure:17643: $? = 0
configure:17643: result: yes
configure:17643: checking for wchar.h
configure:17643: result: yes
configure:17654: checking for stdbool.h that conforms to C99
configure:17721: g++ -c -O2 -DNDEBUG -msse2 -mfpmath=sse   conftest.cpp >&5
configure:17721: $? = 0
configure:17728: result: yes
configure:17730: checking for _Bool
configure:17730: g++ -c -O2 -DNDEBUG -msse2 -mfpmath=sse   conftest.cpp >&5
conftest.cpp: In function 'int main()':
conftest.cpp:79:13: error: '_Bool' was not declared in this scope
 if (sizeof (_Bool))
             ^
configure:17730: $? = 1
configure: failed program was:
| /* confdefs.h */
| #define PACKAGE_NAME "sumo"
| #define PACKAGE_TARNAME "sumo"
| #define PACKAGE_VERSION "svn"
| #define PACKAGE_STRING "sumo svn"
| #define PACKAGE_BUGREPORT ""
| #define PACKAGE_URL ""
| #define PACKAGE "sumo"
| #define VERSION "svn"
| #define HAVE_SYS_TYPES_H 1
| #define HAVE_SYS_STAT_H 1
| #define HAVE_STDLIB_H 1
| #define HAVE_STRING_H 1
| #define HAVE_MEMORY_H 1
| #define HAVE_STRINGS_H 1
| #define HAVE_INTTYPES_H 1
| #define HAVE_STDINT_H 1
| #define HAVE_UNISTD_H 1
| #define HAVE_DLFCN_H 1
| #define LT_OBJDIR ".libs/"
| #define HAVE_INTERNAL_LANES 1
| #define SUMOReal double
| #define POSITION_EPS (SUMOReal)0.1
| #define NUMERICAL_EPS (SUMOReal)0.001
| #define OUTPUT_ACCURACY 2
| #define GEO_OUTPUT_ACCURACY 6
| #define HAVE_VERSION_H 1
| #define XERCES3_SIZE_t XMLSize_t
| #define HAVE_FOX 1
| #define HAVE_ALLOCA_H 1
| #define HAVE_ALLOCA 1
| #define HAVE_FLOAT_H 1
| #define HAVE_LIMITS_H 1
| #define HAVE_MALLOC_H 1
| #define HAVE_MATH_H 1
| #define HAVE_STDDEF_H 1
| #define HAVE_STDLIB_H 1
| #define HAVE_STRING_H 1
| #define HAVE_SYS_TIME_H 1
| #define HAVE_UNISTD_H 1
| #define HAVE_WCHAR_H 1
| /* end confdefs.h.  */
| #include <stdio.h>
| #ifdef HAVE_SYS_TYPES_H
| # include <sys/types.h>
| #endif
| #ifdef HAVE_SYS_STAT_H
| # include <sys/stat.h>
| #endif
| #ifdef STDC_HEADERS
| # include <stdlib.h>
| # include <stddef.h>
| #else
| # ifdef HAVE_STDLIB_H
| #  include <stdlib.h>
| # endif
| #endif
| #ifdef HAVE_STRING_H
| # if !defined STDC_HEADERS && defined HAVE_MEMORY_H
| #  include <memory.h>
| # endif
| # include <string.h>
| #endif
| #ifdef HAVE_STRINGS_H
| # include <strings.h>
| #endif
| #ifdef HAVE_INTTYPES_H
| # include <inttypes.h>
| #endif
| #ifdef HAVE_STDINT_H
| # include <stdint.h>
| #endif
| #ifdef HAVE_UNISTD_H
| # include <unistd.h>
| #endif
| int
| main ()
| {
| if (sizeof (_Bool))
| 	 return 0;
|   ;
|   return 0;
| }
configure:17730: result: no
configure:17747: checking for an ANSI C-conforming const
configure:17813: g++ -c -O2 -DNDEBUG -msse2 -mfpmath=sse   conftest.cpp >&5
configure:17813: $? = 0
configure:17820: result: yes
configure:17828: checking for inline
configure:17844: g++ -c -O2 -DNDEBUG -msse2 -mfpmath=sse   conftest.cpp >&5
configure:17844: $? = 0
configure:17852: result: inline
configure:17870: checking for size_t
configure:17870: result: yes
configure:17881: checking whether time.h and sys/time.h may both be included
configure:17901: g++ -c -O2 -DNDEBUG -msse2 -mfpmath=sse   conftest.cpp >&5
configure:17901: $? = 0
configure:17908: result: yes
configure:17916: checking whether struct tm is in sys/time.h or time.h
configure:17936: g++ -c -O2 -DNDEBUG -msse2 -mfpmath=sse   conftest.cpp >&5
configure:17936: $? = 0
configure:17943: result: time.h
configure:17951: checking for working volatile
configure:17970: g++ -c -O2 -DNDEBUG -msse2 -mfpmath=sse   conftest.cpp >&5
configure:17970: $? = 0
configure:17977: result: yes
configure:17986: checking for error_at_line
configure:18002: g++ -o conftest -O2 -DNDEBUG -msse2 -mfpmath=sse    conftest.cpp  >&5
configure:18002: $? = 0
configure:18010: result: yes
configure:18023: checking for stdlib.h
configure:18023: result: yes
configure:18033: checking for GNU libc compatible malloc
configure:18057: g++ -o conftest -O2 -DNDEBUG -msse2 -mfpmath=sse    conftest.cpp  >&5
configure:18057: $? = 0
configure:18057: ./conftest
configure:18057: $? = 0
configure:18067: result: yes
configure:18091: checking sys/select.h usability
configure:18091: g++ -c -O2 -DNDEBUG -msse2 -mfpmath=sse   conftest.cpp >&5
configure:18091: $? = 0
configure:18091: result: yes
configure:18091: checking sys/select.h presence
configure:18091: g++ -E  conftest.cpp
configure:18091: $? = 0
configure:18091: result: yes
configure:18091: checking for sys/select.h
configure:18091: result: yes
configure:18091: checking sys/socket.h usability
configure:18091: g++ -c -O2 -DNDEBUG -msse2 -mfpmath=sse   conftest.cpp >&5
configure:18091: $? = 0
configure:18091: result: yes
configure:18091: checking sys/socket.h presence
configure:18091: g++ -E  conftest.cpp
configure:18091: $? = 0
configure:18091: result: yes
configure:18091: checking for sys/socket.h
configure:18091: result: yes
configure:18101: checking types of arguments for select
configure:18129: g++ -c -O2 -DNDEBUG -msse2 -mfpmath=sse   conftest.cpp >&5
configure:18129: $? = 0
configure:18140: result: int,fd_set *,struct timeval *
configure:18163: checking return type of signal handlers
configure:18181: g++ -c -O2 -DNDEBUG -msse2 -mfpmath=sse   conftest.cpp >&5
conftest.cpp: In function 'int main()':
conftest.cpp:58:25: error: void value not ignored as it ought to be
 return *(signal (0, 0)) (0) == 1;
                         ^
configure:18181: $? = 1
configure: failed program was:
| /* confdefs.h */
| #define PACKAGE_NAME "sumo"
| #define PACKAGE_TARNAME "sumo"
| #define PACKAGE_VERSION "svn"
| #define PACKAGE_STRING "sumo svn"
| #define PACKAGE_BUGREPORT ""
| #define PACKAGE_URL ""
| #define PACKAGE "sumo"
| #define VERSION "svn"
| #define HAVE_SYS_TYPES_H 1
| #define HAVE_SYS_STAT_H 1
| #define HAVE_STDLIB_H 1
| #define HAVE_STRING_H 1
| #define HAVE_MEMORY_H 1
| #define HAVE_STRINGS_H 1
| #define HAVE_INTTYPES_H 1
| #define HAVE_STDINT_H 1
| #define HAVE_UNISTD_H 1
| #define HAVE_DLFCN_H 1
| #define LT_OBJDIR ".libs/"
| #define HAVE_INTERNAL_LANES 1
| #define SUMOReal double
| #define POSITION_EPS (SUMOReal)0.1
| #define NUMERICAL_EPS (SUMOReal)0.001
| #define OUTPUT_ACCURACY 2
| #define GEO_OUTPUT_ACCURACY 6
| #define HAVE_VERSION_H 1
| #define XERCES3_SIZE_t XMLSize_t
| #define HAVE_FOX 1
| #define HAVE_ALLOCA_H 1
| #define HAVE_ALLOCA 1
| #define HAVE_FLOAT_H 1
| #define HAVE_LIMITS_H 1
| #define HAVE_MALLOC_H 1
| #define HAVE_MATH_H 1
| #define HAVE_STDDEF_H 1
| #define HAVE_STDLIB_H 1
| #define HAVE_STRING_H 1
| #define HAVE_SYS_TIME_H 1
| #define HAVE_UNISTD_H 1
| #define HAVE_WCHAR_H 1
| #define HAVE_STDBOOL_H 1
| #define TIME_WITH_SYS_TIME 1
| #define HAVE_STDLIB_H 1
| #define HAVE_MALLOC 1
| #define HAVE_SYS_SELECT_H 1
| #define HAVE_SYS_SOCKET_H 1
| #define SELECT_TYPE_ARG1 int
| #define SELECT_TYPE_ARG234 (fd_set *)
| #define SELECT_TYPE_ARG5 (struct timeval *)
| /* end confdefs.h.  */
| #include <sys/types.h>
| #include <signal.h>
| 
| int
| main ()
| {
| return *(signal (0, 0)) (0) == 1;
|   ;
|   return 0;
| }
configure:18188: result: void
configure:18196: checking whether lstat correctly handles trailing slash
configure:18222: g++ -o conftest -O2 -DNDEBUG -msse2 -mfpmath=sse    conftest.cpp  >&5
configure:18222: $? = 0
configure:18222: ./conftest
configure:18222: $? = 0
configure:18239: result: yes
configure:18258: checking whether stat accepts an empty string
configure:18278: g++ -o conftest -O2 -DNDEBUG -msse2 -mfpmath=sse    conftest.cpp  >&5
configure:18278: $? = 0
configure:18278: ./conftest
configure:18278: $? = 0
configure:18288: result: no
configure:18307: checking for floor
configure:18307: g++ -o conftest -O2 -DNDEBUG -msse2 -mfpmath=sse    conftest.cpp  >&5
configure:18307: $? = 0
configure:18307: result: yes
configure:18307: checking for getcwd
configure:18307: g++ -o conftest -O2 -DNDEBUG -msse2 -mfpmath=sse    conftest.cpp  >&5
configure:18307: $? = 0
configure:18307: result: yes
configure:18307: checking for gettimeofday
configure:18307: g++ -o conftest -O2 -DNDEBUG -msse2 -mfpmath=sse    conftest.cpp  >&5
configure:18307: $? = 0
configure:18307: result: yes
configure:18307: checking for memset
configure:18307: g++ -o conftest -O2 -DNDEBUG -msse2 -mfpmath=sse    conftest.cpp  >&5
configure:18307: $? = 0
configure:18307: result: yes
configure:18307: checking for pow
configure:18307: g++ -o conftest -O2 -DNDEBUG -msse2 -mfpmath=sse    conftest.cpp  >&5
configure:18307: $? = 0
configure:18307: result: yes
configure:18307: checking for select
configure:18307: g++ -o conftest -O2 -DNDEBUG -msse2 -mfpmath=sse    conftest.cpp  >&5
configure:18307: $? = 0
configure:18307: result: yes
configure:18307: checking for socket
configure:18307: g++ -o conftest -O2 -DNDEBUG -msse2 -mfpmath=sse    conftest.cpp  >&5
configure:18307: $? = 0
configure:18307: result: yes
configure:18307: checking for sqrt
configure:18307: g++ -o conftest -O2 -DNDEBUG -msse2 -mfpmath=sse    conftest.cpp  >&5
configure:18307: $? = 0
configure:18307: result: yes
configure:18429: checking that generated files are newer than configure
configure:18435: result: done
configure:18490: creating ./config.status

## ---------------------- ##
## Running config.status. ##
## ---------------------- ##

This file was extended by sumo config.status svn, which was
generated by GNU Autoconf 2.69.  Invocation command line was

  CONFIG_FILES    = 
  CONFIG_HEADERS  = 
  CONFIG_LINKS    = 
  CONFIG_COMMANDS = 
  $ ./config.status 

on songbird

config.status:1299: creating src/Makefile
config.status:1299: creating src/activitygen/Makefile
config.status:1299: creating src/activitygen/activities/Makefile
config.status:1299: creating src/activitygen/city/Makefile
config.status:1299: creating src/foreign/Makefile
config.status:1299: creating src/foreign/eulerspiral/Makefile
config.status:1299: creating src/foreign/gl2ps/Makefile
config.status:1299: creating src/foreign/mersenne/Makefile
config.status:1299: creating src/foreign/nvwa/Makefile
config.status:1299: creating src/foreign/polyfonts/Makefile
config.status:1299: creating src/foreign/rtree/Makefile
config.status:1299: creating src/foreign/tcpip/Makefile
config.status:1299: creating src/gui/Makefile
config.status:1299: creating src/gui/dialogs/Makefile
config.status:1299: creating src/guinetload/Makefile
config.status:1299: creating src/guisim/Makefile
config.status:1299: creating src/microsim/Makefile
config.status:1299: creating src/microsim/actions/Makefile
config.status:1299: creating src/microsim/cfmodels/Makefile
config.status:1299: creating src/microsim/devices/Makefile
config.status:1299: creating src/microsim/lcmodels/Makefile
config.status:1299: creating src/microsim/logging/Makefile
config.status:1299: creating src/microsim/output/Makefile
config.status:1299: creating src/microsim/pedestrians/Makefile
config.status:1299: creating src/microsim/traffic_lights/Makefile
config.status:1299: creating src/microsim/trigger/Makefile
config.status:1299: creating src/marouter/Makefile
config.status:1299: creating src/netbuild/Makefile
config.status:1299: creating src/netedit/Makefile
config.status:1299: creating src/netgen/Makefile
config.status:1299: creating src/netimport/Makefile
config.status:1299: creating src/netimport/vissim/Makefile
config.status:1299: creating src/netimport/vissim/tempstructs/Makefile
config.status:1299: creating src/netimport/vissim/typeloader/Makefile
config.status:1299: creating src/netload/Makefile
config.status:1299: creating src/netwrite/Makefile
config.status:1299: creating src/od/Makefile
config.status:1299: creating src/polyconvert/Makefile
config.status:1299: creating src/router/Makefile
config.status:1299: creating src/dfrouter/Makefile
config.status:1299: creating src/duarouter/Makefile
config.status:1299: creating src/jtrrouter/Makefile
config.status:1299: creating src/tools/Makefile
config.status:1299: creating src/traci_testclient/Makefile
config.status:1299: creating src/traci-server/Makefile
config.status:1299: creating src/utils/Makefile
config.status:1299: creating src/utils/common/Makefile
config.status:1299: creating src/utils/distribution/Makefile
config.status:1299: creating src/utils/emissions/Makefile
config.status:1299: creating src/utils/foxtools/Makefile
config.status:1299: creating src/utils/geom/Makefile
config.status:1299: creating src/utils/gui/Makefile
config.status:1299: creating src/utils/gui/div/Makefile
config.status:1299: creating src/utils/gui/events/Makefile
config.status:1299: creating src/utils/gui/globjects/Makefile
config.status:1299: creating src/utils/gui/images/Makefile
config.status:1299: creating src/utils/gui/settings/Makefile
config.status:1299: creating src/utils/gui/tracker/Makefile
config.status:1299: creating src/utils/gui/windows/Makefile
config.status:1299: creating src/utils/importio/Makefile
config.status:1299: creating src/utils/iodevices/Makefile
config.status:1299: creating src/utils/options/Makefile
config.status:1299: creating src/utils/shapes/Makefile
config.status:1299: creating src/utils/traci/Makefile
config.status:1299: creating src/utils/vehicle/Makefile
config.status:1299: creating src/utils/xml/Makefile
config.status:1299: creating unittest/Makefile
config.status:1299: creating unittest/src/Makefile
config.status:1299: creating unittest/src/microsim/Makefile
config.status:1299: creating unittest/src/netbuild/Makefile
config.status:1299: creating unittest/src/utils/Makefile
config.status:1299: creating unittest/src/utils/common/Makefile
config.status:1299: creating unittest/src/utils/foxtools/Makefile
config.status:1299: creating unittest/src/utils/geom/Makefile
config.status:1299: creating unittest/src/utils/iodevices/Makefile
config.status:1299: creating bin/Makefile
config.status:1299: creating Makefile
config.status:1299: creating src/config.h
config.status:1480: src/config.h is unchanged
config.status:1528: executing depfiles commands
config.status:1528: executing libtool commands
configure:20976: result: 
configure:20978: result: Optional features summary
configure:20980: result: -------------------------
configure:20982: result: Enabled: InternalLanes DoublePrecision TRACI GUI
configure:20984: result: Disabled: Debug Profiling MemoryChecks PROJ GDAL UnitTests Python

## ---------------- ##
## Cache variables. ##
## ---------------- ##

ac_cv_build=x86_64-unknown-linux-gnu
ac_cv_c_compiler_gnu=yes
ac_cv_c_const=yes
ac_cv_c_inline=inline
ac_cv_c_volatile=yes
ac_cv_cxx_compiler_gnu=yes
ac_cv_env_CCC_set=
ac_cv_env_CCC_value=
ac_cv_env_CC_set=
ac_cv_env_CC_value=
ac_cv_env_CFLAGS_set=
ac_cv_env_CFLAGS_value=
ac_cv_env_CPPFLAGS_set=
ac_cv_env_CPPFLAGS_value=
ac_cv_env_CPP_set=
ac_cv_env_CPP_value=
ac_cv_env_CXXCPP_set=
ac_cv_env_CXXCPP_value=
ac_cv_env_CXXFLAGS_set=
ac_cv_env_CXXFLAGS_value=
ac_cv_env_CXX_set=
ac_cv_env_CXX_value=
ac_cv_env_LDFLAGS_set=
ac_cv_env_LDFLAGS_value=
ac_cv_env_LIBS_set=
ac_cv_env_LIBS_value=
ac_cv_env_LT_SYS_LIBRARY_PATH_set=
ac_cv_env_LT_SYS_LIBRARY_PATH_value=
ac_cv_env_PKG_CONFIG_LIBDIR_set=
ac_cv_env_PKG_CONFIG_LIBDIR_value=
ac_cv_env_PKG_CONFIG_PATH_set=
ac_cv_env_PKG_CONFIG_PATH_value=
ac_cv_env_PKG_CONFIG_set=
ac_cv_env_PKG_CONFIG_value=
ac_cv_env_XERCES_CFLAGS_set=
ac_cv_env_XERCES_CFLAGS_value=
ac_cv_env_XERCES_LIBS_set=
ac_cv_env_XERCES_LIBS_value=
ac_cv_env_build_alias_set=
ac_cv_env_build_alias_value=
ac_cv_env_host_alias_set=
ac_cv_env_host_alias_value=
ac_cv_env_target_alias_set=
ac_cv_env_target_alias_value=
ac_cv_func_alloca_works=yes
ac_cv_func_floor=yes
ac_cv_func_getcwd=yes
ac_cv_func_gettimeofday=yes
ac_cv_func_lstat_dereferences_slashed_symlink=yes
ac_cv_func_malloc_0_nonnull=yes
ac_cv_func_memset=yes
ac_cv_func_pow=yes
ac_cv_func_select=yes
ac_cv_func_select_args='int,fd_set *,struct timeval *'
ac_cv_func_socket=yes
ac_cv_func_sqrt=yes
ac_cv_func_stat_empty_string_bug=no
ac_cv_header_dlfcn_h=yes
ac_cv_header_float_h=yes
ac_cv_header_fxver_h=yes
ac_cv_header_inttypes_h=yes
ac_cv_header_limits_h=yes
ac_cv_header_malloc_h=yes
ac_cv_header_math_h=yes
ac_cv_header_memory_h=yes
ac_cv_header_proj_api_h=no
ac_cv_header_stdbool_h=yes
ac_cv_header_stdc=no
ac_cv_header_stddef_h=yes
ac_cv_header_stdint_h=yes
ac_cv_header_stdlib_h=yes
ac_cv_header_string_h=yes
ac_cv_header_strings_h=yes
ac_cv_header_sys_select_h=yes
ac_cv_header_sys_socket_h=yes
ac_cv_header_sys_stat_h=yes
ac_cv_header_sys_time_h=yes
ac_cv_header_sys_types_h=yes
ac_cv_header_time=yes
ac_cv_header_unistd_h=yes
ac_cv_header_wchar_h=yes
ac_cv_header_xercesc_util_XercesVersion_hpp=yes
ac_cv_host=x86_64-unknown-linux-gnu
ac_cv_lib_error_at_line=yes
ac_cv_lib_proj_main=no
ac_cv_lib_xerces_c___main=yes
ac_cv_objext=o
ac_cv_path_EGREP='/usr/bin/grep -E'
ac_cv_path_FGREP='/usr/bin/grep -F'
ac_cv_path_FOX_CONFIG=/usr/bin/fox-config
ac_cv_path_GREP=/usr/bin/grep
ac_cv_path_SED=/usr/bin/sed
ac_cv_path_ac_pt_PKG_CONFIG=/usr/bin/pkg-config
ac_cv_path_install='/usr/bin/install -c'
ac_cv_path_lt_DD=/usr/bin/dd
ac_cv_path_mkdir=/usr/bin/mkdir
ac_cv_prog_AWK=gawk
ac_cv_prog_CPP='gcc -E'
ac_cv_prog_CXXCPP='g++ -E'
ac_cv_prog_ac_ct_AR=ar
ac_cv_prog_ac_ct_CC=gcc
ac_cv_prog_ac_ct_CXX=g++
ac_cv_prog_ac_ct_OBJDUMP=objdump
ac_cv_prog_ac_ct_RANLIB=ranlib
ac_cv_prog_ac_ct_STRIP=strip
ac_cv_prog_cc_c89=
ac_cv_prog_cc_g=yes
ac_cv_prog_cxx_g=yes
ac_cv_prog_make_make_set=yes
ac_cv_struct_tm=time.h
ac_cv_target=x86_64-unknown-linux-gnu
ac_cv_type__Bool=no
ac_cv_type_signal=void
ac_cv_type_size_t=yes
ac_cv_working_alloca_h=yes
am_cv_CC_dependencies_compiler_type=gcc3
am_cv_CXX_dependencies_compiler_type=gcc3
am_cv_make_support_nested_variables=yes
am_cv_prog_cc_c_o=yes
am_cv_prog_tar_ustar=gnutar
lt_cv_ar_at_file=@
lt_cv_archive_cmds_need_lc=no
lt_cv_deplibs_check_method=pass_all
lt_cv_file_magic_cmd='$MAGIC_CMD'
lt_cv_file_magic_test_file=
lt_cv_ld_reload_flag=-r
lt_cv_nm_interface='BSD nm'
lt_cv_objdir=.libs
lt_cv_path_LD=/usr/bin/ld
lt_cv_path_LDCXX='/usr/bin/ld -m elf_x86_64'
lt_cv_path_NM='/usr/bin/nm -B'
lt_cv_path_mainfest_tool=no
lt_cv_prog_compiler_c_o=yes
lt_cv_prog_compiler_c_o_CXX=yes
lt_cv_prog_compiler_pic='-fPIC -DPIC'
lt_cv_prog_compiler_pic_CXX='-fPIC -DPIC'
lt_cv_prog_compiler_pic_works=yes
lt_cv_prog_compiler_pic_works_CXX=yes
lt_cv_prog_compiler_rtti_exceptions=no
lt_cv_prog_compiler_static_works=yes
lt_cv_prog_compiler_static_works_CXX=yes
lt_cv_prog_gnu_ld=yes
lt_cv_prog_gnu_ldcxx=yes
lt_cv_sharedlib_from_linklib_cmd='printf %s\n'
lt_cv_shlibpath_overrides_runpath=no
lt_cv_sys_global_symbol_pipe='sed -n -e '\''s/^.*[	 ]\([ABCDGIRSTW][ABCDGIRSTW]*\)[	 ][	 ]*\([_A-Za-z][_A-Za-z0-9]*\)$/\1 \2 \2/p'\'' | sed '\''/ __gnu_lto/d'\'''
lt_cv_sys_global_symbol_to_c_name_address='sed -n -e '\''s/^: \(.*\) .*$/  {"\1", (void *) 0},/p'\'' -e '\''s/^[ABCDGIRSTW][ABCDGIRSTW]* .* \(.*\)$/  {"\1", (void *) \&\1},/p'\'''
lt_cv_sys_global_symbol_to_c_name_address_lib_prefix='sed -n -e '\''s/^: \(.*\) .*$/  {"\1", (void *) 0},/p'\'' -e '\''s/^[ABCDGIRSTW][ABCDGIRSTW]* .* \(lib.*\)$/  {"\1", (void *) \&\1},/p'\'' -e '\''s/^[ABCDGIRSTW][ABCDGIRSTW]* .* \(.*\)$/  {"lib\1", (void *) \&\1},/p'\'''
lt_cv_sys_global_symbol_to_cdecl='sed -n -e '\''s/^T .* \(.*\)$/extern int \1();/p'\'' -e '\''s/^[ABCDGIRSTW][ABCDGIRSTW]* .* \(.*\)$/extern char \1;/p'\'''
lt_cv_sys_global_symbol_to_import=
lt_cv_sys_max_cmd_len=1572864
lt_cv_to_host_file_cmd=func_convert_file_noop
lt_cv_to_tool_file_cmd=func_convert_file_noop
lt_cv_truncate_bin='/usr/bin/dd bs=4096 count=1'
pkg_cv_XERCES_CFLAGS=
pkg_cv_XERCES_LIBS=-lxerces-c

## ----------------- ##
## Output variables. ##
## ----------------- ##

ACLOCAL='${SHELL} /run/media/alex/brain/KIA4SM/sumo/svn/missing aclocal-1.15'
ALLOCA=''
AMDEPBACKSLASH='\'
AMDEP_FALSE='#'
AMDEP_TRUE=''
AMTAR='$${TAR-tar}'
AM_BACKSLASH='\'
AM_CPPFLAGS='-I/run/media/alex/brain/KIA4SM/sumo/svn/./src -I/usr/include/fox-1.6  -I/usr/local/include -I/usr/include '
AM_CXXFLAGS=''
AM_DEFAULT_V='$(AM_DEFAULT_VERBOSITY)'
AM_DEFAULT_VERBOSITY='1'
AM_V='$(V)'
AR='ar'
AUTOCONF='${SHELL} /run/media/alex/brain/KIA4SM/sumo/svn/missing autoconf'
AUTOHEADER='${SHELL} /run/media/alex/brain/KIA4SM/sumo/svn/missing autoheader'
AUTOMAKE='${SHELL} /run/media/alex/brain/KIA4SM/sumo/svn/missing automake-1.15'
AWK='gawk'
CC='gcc'
CCDEPMODE='depmode=gcc3'
CFLAGS='-g -O2'
CHECK_MEMORY_LEAKS_FALSE=''
CHECK_MEMORY_LEAKS_TRUE='#'
CPP='gcc -E'
CPPFLAGS=''
CXX='g++'
CXXCPP='g++ -E'
CXXDEPMODE='depmode=gcc3'
CXXFLAGS='-O2 -DNDEBUG -msse2 -mfpmath=sse '
CYGPATH_W='echo'
DEFS='-DHAVE_CONFIG_H'
DEPDIR='.deps'
DLLTOOL='false'
DSYMUTIL=''
DUMPBIN=''
ECHO_C=''
ECHO_N='-n'
ECHO_T=''
EGREP='/usr/bin/grep -E'
EXEEXT=''
FGREP='/usr/bin/grep -F'
FOX_CONFIG='/usr/bin/fox-config'
FOX_LDFLAGS='-lFOX-1.6 -lX11 -lXext -lfreetype -lXft -lXcursor -lXrender -lXrandr -lXfixes -lXi -lGL -lGLU -ldl -lpthread -lrt -ljpeg -lpng -ltiff -lz -lbz2 -lGLU -lGL'
GDAL_CONFIG=''
GDAL_LDFLAGS=''
GREP='/usr/bin/grep'
GTEST_CONFIG=''
GTEST_LDFLAGS=''
INSTALL_DATA='${INSTALL} -m 644'
INSTALL_PROGRAM='${INSTALL}'
INSTALL_SCRIPT='${INSTALL}'
INSTALL_STRIP_PROGRAM='$(install_sh) -c -s'
INTERNAL_FALSE=''
INTERNAL_TRUE='#'
LD='/usr/bin/ld -m elf_x86_64'
LDFLAGS=''
LIBOBJS=''
LIBS=''
LIBTOOL='$(SHELL) $(top_builddir)/libtool'
LIB_XERCES='xerces-c'
LIPO=''
LN_S='ln -s'
LTLIBOBJS=''
LT_SYS_LIBRARY_PATH=''
MAKEINFO='${SHELL} /run/media/alex/brain/KIA4SM/sumo/svn/missing makeinfo'
MANIFEST_TOOL=':'
MKDIR_P='/usr/bin/mkdir -p'
NM='/usr/bin/nm -B'
NMEDIT=''
OBJDUMP='objdump'
OBJEXT='o'
OSG_LIBS=''
OTOOL64=''
OTOOL=''
PACKAGE='sumo'
PACKAGE_BUGREPORT=''
PACKAGE_NAME='sumo'
PACKAGE_STRING='sumo svn'
PACKAGE_TARNAME='sumo'
PACKAGE_URL=''
PACKAGE_VERSION='svn'
PATH_SEPARATOR=':'
PKG_CONFIG='/usr/bin/pkg-config'
PKG_CONFIG_LIBDIR=''
PKG_CONFIG_PATH=''
PROJ_LDFLAGS=''
PYTHON_LIBS=''
RANLIB='ranlib'
SED='/usr/bin/sed'
SET_MAKE=''
SHELL='/bin/sh'
STRIP='strip'
TRACI_FALSE='#'
TRACI_TRUE=''
VERSION='svn'
WITH_GTEST_FALSE=''
WITH_GTEST_TRUE='#'
WITH_GUI_FALSE='#'
WITH_GUI_TRUE=''
WITH_PYTHON_FALSE=''
WITH_PYTHON_TRUE='#'
WITH_VERSION_H_FALSE='#'
WITH_VERSION_H_TRUE=''
XERCES_CFLAGS=''
XERCES_LDFLAGS=''
XERCES_LIBS='-lxerces-c'
ac_ct_AR='ar'
ac_ct_CC='gcc'
ac_ct_CXX='g++'
ac_ct_DUMPBIN=''
am__EXEEXT_FALSE=''
am__EXEEXT_TRUE='#'
am__fastdepCC_FALSE='#'
am__fastdepCC_TRUE=''
am__fastdepCXX_FALSE='#'
am__fastdepCXX_TRUE=''
am__include='include'
am__isrc=''
am__leading_dot='.'
am__nodep='_no'
am__quote=''
am__tar='tar --format=ustar -chf - "$$tardir"'
am__untar='tar -xf -'
bindir='${exec_prefix}/bin'
build='x86_64-unknown-linux-gnu'
build_alias=''
build_cpu='x86_64'
build_os='linux-gnu'
build_vendor='unknown'
datadir='${datarootdir}'
datarootdir='${prefix}/share'
docdir='${datarootdir}/doc/${PACKAGE_TARNAME}'
dvidir='${docdir}'
exec_prefix='${prefix}'
host='x86_64-unknown-linux-gnu'
host_alias=''
host_cpu='x86_64'
host_os='linux-gnu'
host_vendor='unknown'
htmldir='${docdir}'
includedir='${prefix}/include'
infodir='${datarootdir}/info'
install_sh='${SHELL} /run/media/alex/brain/KIA4SM/sumo/svn/install-sh'
libdir='${exec_prefix}/lib'
libexecdir='${exec_prefix}/libexec'
localedir='${datarootdir}/locale'
localstatedir='${prefix}/var'
mandir='${datarootdir}/man'
mkdir_p='$(MKDIR_P)'
oldincludedir='/usr/include'
pdfdir='${docdir}'
prefix='/usr/local'
program_transform_name='s,x,x,'
psdir='${docdir}'
sbindir='${exec_prefix}/sbin'
sharedstatedir='${prefix}/com'
sysconfdir='${prefix}/etc'
target='x86_64-unknown-linux-gnu'
target_alias=''
target_cpu='x86_64'
target_os='linux-gnu'
target_vendor='unknown'

## ----------- ##
## confdefs.h. ##
## ----------- ##

/* confdefs.h */
#define PACKAGE_NAME "sumo"
#define PACKAGE_TARNAME "sumo"
#define PACKAGE_VERSION "svn"
#define PACKAGE_STRING "sumo svn"
#define PACKAGE_BUGREPORT ""
#define PACKAGE_URL ""
#define PACKAGE "sumo"
#define VERSION "svn"
#define HAVE_SYS_TYPES_H 1
#define HAVE_SYS_STAT_H 1
#define HAVE_STDLIB_H 1
#define HAVE_STRING_H 1
#define HAVE_MEMORY_H 1
#define HAVE_STRINGS_H 1
#define HAVE_INTTYPES_H 1
#define HAVE_STDINT_H 1
#define HAVE_UNISTD_H 1
#define HAVE_DLFCN_H 1
#define LT_OBJDIR ".libs/"
#define HAVE_INTERNAL_LANES 1
#define SUMOReal double
#define POSITION_EPS (SUMOReal)0.1
#define NUMERICAL_EPS (SUMOReal)0.001
#define OUTPUT_ACCURACY 2
#define GEO_OUTPUT_ACCURACY 6
#define HAVE_VERSION_H 1
#define XERCES3_SIZE_t XMLSize_t
#define HAVE_FOX 1
#define HAVE_ALLOCA_H 1
#define HAVE_ALLOCA 1
#define HAVE_FLOAT_H 1
#define HAVE_LIMITS_H 1
#define HAVE_MALLOC_H 1
#define HAVE_MATH_H 1
#define HAVE_STDDEF_H 1
#define HAVE_STDLIB_H 1
#define HAVE_STRING_H 1
#define HAVE_SYS_TIME_H 1
#define HAVE_UNISTD_H 1
#define HAVE_WCHAR_H 1
#define HAVE_STDBOOL_H 1
#define TIME_WITH_SYS_TIME 1
#define HAVE_STDLIB_H 1
#define HAVE_MALLOC 1
#define HAVE_SYS_SELECT_H 1
#define HAVE_SYS_SOCKET_H 1
#define SELECT_TYPE_ARG1 int
#define SELECT_TYPE_ARG234 (fd_set *)
#define SELECT_TYPE_ARG5 (struct timeval *)
#define RETSIGTYPE void
#define LSTAT_FOLLOWS_SLASHED_SYMLINK 1
#define HAVE_FLOOR 1
#define HAVE_GETCWD 1
#define HAVE_GETTIMEOFDAY 1
#define HAVE_MEMSET 1
#define HAVE_POW 1
#define HAVE_SELECT 1
#define HAVE_SOCKET 1
#define HAVE_SQRT 1

configure: exit 0
